[18-07-2024 18:10:27.613 INFO com.nopcommerce.user.Level_14_Log4J] - Pre-condition: Register - Step 01: Click on Register link in header
[18-07-2024 18:10:28.425 INFO com.nopcommerce.user.Level_14_Log4J] - Pre-condition: Register - Step 02: Select Gender Male radio button
[18-07-2024 18:10:28.990 INFO com.nopcommerce.user.Level_14_Log4J] - Pre-condition: Register - Step 03: Input value into Firstname textbox: Automation
[18-07-2024 18:10:29.130 INFO com.nopcommerce.user.Level_14_Log4J] - Pre-condition: Register - Step 04: Input value into Lastname textbox: Testing
[18-07-2024 18:10:29.230 INFO com.nopcommerce.user.Level_14_Log4J] - Pre-condition: Register - Step 05: Select value for Day dropdown: 15
[18-07-2024 18:10:29.557 INFO com.nopcommerce.user.Level_14_Log4J] - Pre-condition: Register - Step 06: Select value for Month dropdown: October
[18-07-2024 18:10:29.845 INFO com.nopcommerce.user.Level_14_Log4J] - Pre-condition: Register - Step 07: Select value for Year dropdown: 1989
[18-07-2024 18:10:30.124 INFO com.nopcommerce.user.Level_14_Log4J] - Pre-condition: Register - Step 08: Input value into Email textbox: AutomationTesting214368@gmail.com
[18-07-2024 18:10:30.195 INFO com.nopcommerce.user.Level_14_Log4J] - Pre-condition: Register - Step 09: Input value into Company textbox: Online 29
[18-07-2024 18:10:30.245 INFO com.nopcommerce.user.Level_14_Log4J] - Pre-condition: Register - Step 10: Input value into Password textbox: Abcd@1234
[18-07-2024 18:10:30.293 INFO com.nopcommerce.user.Level_14_Log4J] - Pre-condition: Register - Step 11: Input value into Confirm Password textbox: Abcd@1234
[18-07-2024 18:10:30.351 INFO com.nopcommerce.user.Level_14_Log4J] - Pre-condition: Register - Step 12: Click on Register button
[18-07-2024 18:10:31.694 INFO com.nopcommerce.user.Level_14_Log4J] - Pre-condition: Register - Step 13: Verify Success Message displayed
[18-07-2024 18:10:31.807 INFO com.nopcommerce.user.Level_14_Log4J] - Pre-condition: Register - Step 14: Click on Log Out link
[18-07-2024 18:10:32.713 INFO com.nopcommerce.user.Level_14_Log4J] - -------------------------------------------------------------------
[18-07-2024 18:10:32.731 INFO com.nopcommerce.user.Level_14_Log4J] - User_01_Login - Step 01: Click on Log In link
[18-07-2024 18:10:33.366 INFO com.nopcommerce.user.Level_14_Log4J] - User_01_Login - Step 02: Login to system with Email: AutomationTesting214368@gmail.com and Password: Abcd@1234
[18-07-2024 18:10:34.463 INFO com.nopcommerce.user.Level_14_Log4J] - User_01_Login - Step 03: Verify My Account link displayed in header
[18-07-2024 18:10:34.639 INFO com.nopcommerce.user.Level_14_Log4J] - -------------------------------------------------------------------
[18-07-2024 18:10:34.648 INFO com.nopcommerce.user.Level_14_Log4J] - User_02_MyAccount - Step 01: Click on My Account link in header
[18-07-2024 18:10:35.129 INFO com.nopcommerce.user.Level_14_Log4J] - User_02_MyAccount - Step 02: Verify Gender Male radio button selected
[18-07-2024 18:10:35.215 INFO com.nopcommerce.user.Level_14_Log4J] - java.lang.AssertionError: expected [false] but found [true]
[18-07-2024 18:10:35.215 INFO com.nopcommerce.user.Level_14_Log4J] - User_02_MyAccount - Step 03: Verify value in Firstname textbox: Automation
[18-07-2024 18:10:35.255 INFO com.nopcommerce.user.Level_14_Log4J] - User_02_MyAccount - Step 04: Verify value in Lastname textbox: Testing
[18-07-2024 18:10:35.306 INFO com.nopcommerce.user.Level_14_Log4J] - java.lang.AssertionError: expected [lastName] but found [Testing]
[18-07-2024 18:10:35.306 INFO com.nopcommerce.user.Level_14_Log4J] - User_02_MyAccount - Step 05: Verify value in Day dropdown: 15
[18-07-2024 18:10:35.471 INFO com.nopcommerce.user.Level_14_Log4J] - User_02_MyAccount - Step 06: Verify value in Month dropdown: October
[18-07-2024 18:10:35.562 INFO com.nopcommerce.user.Level_14_Log4J] - User_02_MyAccount - Step 07: Verify value in Year dropdown: 1989
[18-07-2024 18:10:35.897 INFO com.nopcommerce.user.Level_14_Log4J] - User_02_MyAccount - Step 08: Verify value in Company textbox: Online 29
[18-07-2024 18:10:35.927 INFO com.nopcommerce.user.Level_14_Log4J] - -------------------------------------------------------------------
[18-07-2024 18:10:43.293 INFO com.nopcommerce.user.Level_14_Log4J] - Pre-condition: Register - Step 01: Click on Register link in header
[18-07-2024 18:10:44.897 INFO com.nopcommerce.user.Level_14_Log4J] - Pre-condition: Register - Step 02: Select Gender Male radio button
[18-07-2024 18:10:45.059 INFO com.nopcommerce.user.Level_14_Log4J] - Pre-condition: Register - Step 03: Input value into Firstname textbox: Automation
[18-07-2024 18:10:45.194 INFO com.nopcommerce.user.Level_14_Log4J] - Pre-condition: Register - Step 04: Input value into Lastname textbox: Testing
[18-07-2024 18:10:45.300 INFO com.nopcommerce.user.Level_14_Log4J] - Pre-condition: Register - Step 05: Select value for Day dropdown: 15
[18-07-2024 18:10:45.430 INFO com.nopcommerce.user.Level_14_Log4J] - Pre-condition: Register - Step 06: Select value for Month dropdown: October
[18-07-2024 18:10:45.544 INFO com.nopcommerce.user.Level_14_Log4J] - Pre-condition: Register - Step 07: Select value for Year dropdown: 1989
[18-07-2024 18:10:45.656 INFO com.nopcommerce.user.Level_14_Log4J] - Pre-condition: Register - Step 08: Input value into Email textbox: AutomationTesting515035@gmail.com
[18-07-2024 18:10:45.846 INFO com.nopcommerce.user.Level_14_Log4J] - Pre-condition: Register - Step 09: Input value into Company textbox: Online 29
[18-07-2024 18:10:45.968 INFO com.nopcommerce.user.Level_14_Log4J] - Pre-condition: Register - Step 10: Input value into Password textbox: Abcd@1234
[18-07-2024 18:10:46.081 INFO com.nopcommerce.user.Level_14_Log4J] - Pre-condition: Register - Step 11: Input value into Confirm Password textbox: Abcd@1234
[18-07-2024 18:10:46.194 INFO com.nopcommerce.user.Level_14_Log4J] - Pre-condition: Register - Step 12: Click on Register button
[18-07-2024 18:10:47.027 INFO com.nopcommerce.user.Level_14_Log4J] - Pre-condition: Register - Step 13: Verify Success Message displayed
[18-07-2024 18:10:47.096 INFO com.nopcommerce.user.Level_14_Log4J] - Pre-condition: Register - Step 14: Click on Log Out link
[18-07-2024 18:10:47.834 INFO com.nopcommerce.user.Level_14_Log4J] - -------------------------------------------------------------------
[18-07-2024 18:10:47.837 INFO com.nopcommerce.user.Level_14_Log4J] - User_01_Login - Step 01: Click on Log In link
[18-07-2024 18:10:48.366 INFO com.nopcommerce.user.Level_14_Log4J] - User_01_Login - Step 02: Login to system with Email: AutomationTesting515035@gmail.com and Password: Abcd@1234
[18-07-2024 18:10:49.665 INFO com.nopcommerce.user.Level_14_Log4J] - User_01_Login - Step 03: Verify My Account link displayed in header
[18-07-2024 18:10:50.012 INFO com.nopcommerce.user.Level_14_Log4J] - -------------------------------------------------------------------
[18-07-2024 18:10:50.016 INFO com.nopcommerce.user.Level_14_Log4J] - User_02_MyAccount - Step 01: Click on My Account link in header
[18-07-2024 18:10:50.544 INFO com.nopcommerce.user.Level_14_Log4J] - User_02_MyAccount - Step 02: Verify Gender Male radio button selected
[18-07-2024 18:10:50.620 INFO com.nopcommerce.user.Level_14_Log4J] - java.lang.AssertionError: expected [false] but found [true]
[18-07-2024 18:10:50.621 INFO com.nopcommerce.user.Level_14_Log4J] - User_02_MyAccount - Step 03: Verify value in Firstname textbox: Automation
[18-07-2024 18:10:50.668 INFO com.nopcommerce.user.Level_14_Log4J] - User_02_MyAccount - Step 04: Verify value in Lastname textbox: Testing
[18-07-2024 18:10:50.702 INFO com.nopcommerce.user.Level_14_Log4J] - java.lang.AssertionError: expected [lastName] but found [Testing]
[18-07-2024 18:10:50.703 INFO com.nopcommerce.user.Level_14_Log4J] - User_02_MyAccount - Step 05: Verify value in Day dropdown: 15
[18-07-2024 18:10:50.923 INFO com.nopcommerce.user.Level_14_Log4J] - User_02_MyAccount - Step 06: Verify value in Month dropdown: October
[18-07-2024 18:10:51.073 INFO com.nopcommerce.user.Level_14_Log4J] - User_02_MyAccount - Step 07: Verify value in Year dropdown: 1989
[18-07-2024 18:10:51.912 INFO com.nopcommerce.user.Level_14_Log4J] - User_02_MyAccount - Step 08: Verify value in Company textbox: Online 29
[18-07-2024 18:10:51.944 INFO com.nopcommerce.user.Level_14_Log4J] - -------------------------------------------------------------------
[18-07-2024 18:10:57.076 INFO com.nopcommerce.user.Level_14_Log4J] - Pre-condition: Register - Step 01: Click on Register link in header
[18-07-2024 18:10:57.676 INFO com.nopcommerce.user.Level_14_Log4J] - Pre-condition: Register - Step 02: Select Gender Male radio button
[18-07-2024 18:10:57.812 INFO com.nopcommerce.user.Level_14_Log4J] - Pre-condition: Register - Step 03: Input value into Firstname textbox: Automation
[18-07-2024 18:10:57.972 INFO com.nopcommerce.user.Level_14_Log4J] - Pre-condition: Register - Step 04: Input value into Lastname textbox: Testing
[18-07-2024 18:10:58.164 INFO com.nopcommerce.user.Level_14_Log4J] - Pre-condition: Register - Step 05: Select value for Day dropdown: 15
[18-07-2024 18:10:58.348 INFO com.nopcommerce.user.Level_14_Log4J] - Pre-condition: Register - Step 06: Select value for Month dropdown: October
[18-07-2024 18:10:58.470 INFO com.nopcommerce.user.Level_14_Log4J] - Pre-condition: Register - Step 07: Select value for Year dropdown: 1989
[18-07-2024 18:10:58.605 INFO com.nopcommerce.user.Level_14_Log4J] - Pre-condition: Register - Step 08: Input value into Email textbox: AutomationTesting341316@gmail.com
[18-07-2024 18:10:58.908 INFO com.nopcommerce.user.Level_14_Log4J] - Pre-condition: Register - Step 09: Input value into Company textbox: Online 29
[18-07-2024 18:10:59.056 INFO com.nopcommerce.user.Level_14_Log4J] - Pre-condition: Register - Step 10: Input value into Password textbox: Abcd@1234
[18-07-2024 18:10:59.189 INFO com.nopcommerce.user.Level_14_Log4J] - Pre-condition: Register - Step 11: Input value into Confirm Password textbox: Abcd@1234
[18-07-2024 18:10:59.331 INFO com.nopcommerce.user.Level_14_Log4J] - Pre-condition: Register - Step 12: Click on Register button
[18-07-2024 18:11:00.277 INFO com.nopcommerce.user.Level_14_Log4J] - Pre-condition: Register - Step 13: Verify Success Message displayed
[18-07-2024 18:11:00.355 INFO com.nopcommerce.user.Level_14_Log4J] - Pre-condition: Register - Step 14: Click on Log Out link
[18-07-2024 18:11:02.551 INFO com.nopcommerce.user.Level_14_Log4J] - -------------------------------------------------------------------
[18-07-2024 18:11:02.561 INFO com.nopcommerce.user.Level_14_Log4J] - User_01_Login - Step 01: Click on Log In link
[18-07-2024 18:11:03.181 INFO com.nopcommerce.user.Level_14_Log4J] - User_01_Login - Step 02: Login to system with Email: AutomationTesting341316@gmail.com and Password: Abcd@1234
[18-07-2024 18:11:04.482 INFO com.nopcommerce.user.Level_14_Log4J] - User_01_Login - Step 03: Verify My Account link displayed in header
[18-07-2024 18:11:04.687 INFO com.nopcommerce.user.Level_14_Log4J] - -------------------------------------------------------------------
[18-07-2024 18:11:04.689 INFO com.nopcommerce.user.Level_14_Log4J] - User_02_MyAccount - Step 01: Click on My Account link in header
[18-07-2024 18:11:05.470 INFO com.nopcommerce.user.Level_14_Log4J] - User_02_MyAccount - Step 02: Verify Gender Male radio button selected
[18-07-2024 18:11:05.538 INFO com.nopcommerce.user.Level_14_Log4J] - java.lang.AssertionError: expected [false] but found [true]
[18-07-2024 18:11:05.539 INFO com.nopcommerce.user.Level_14_Log4J] - User_02_MyAccount - Step 03: Verify value in Firstname textbox: Automation
[18-07-2024 18:11:05.582 INFO com.nopcommerce.user.Level_14_Log4J] - User_02_MyAccount - Step 04: Verify value in Lastname textbox: Testing
[18-07-2024 18:11:05.636 INFO com.nopcommerce.user.Level_14_Log4J] - java.lang.AssertionError: expected [lastName] but found [Testing]
[18-07-2024 18:11:05.636 INFO com.nopcommerce.user.Level_14_Log4J] - User_02_MyAccount - Step 05: Verify value in Day dropdown: 15
[18-07-2024 18:11:05.881 INFO com.nopcommerce.user.Level_14_Log4J] - User_02_MyAccount - Step 06: Verify value in Month dropdown: October
[18-07-2024 18:11:06.066 INFO com.nopcommerce.user.Level_14_Log4J] - User_02_MyAccount - Step 07: Verify value in Year dropdown: 1989
[18-07-2024 18:11:06.755 INFO com.nopcommerce.user.Level_14_Log4J] - User_02_MyAccount - Step 08: Verify value in Company textbox: Online 29
[18-07-2024 18:11:06.787 INFO com.nopcommerce.user.Level_14_Log4J] - -------------------------------------------------------------------
